<?xml version="1.0" encoding="UTF-8"?>
<testng-results skipped="0" failed="1" ignored="0" total="1" passed="0">
  <reporter-output>
  </reporter-output>
  <suite name="Suite" duration-ms="21041" started-at="2020-03-15T10:53:15Z" finished-at="2020-03-15T10:53:36Z">
    <groups>
    </groups>
    <test name="ExtentTest" duration-ms="21041" started-at="2020-03-15T10:53:15Z" finished-at="2020-03-15T10:53:36Z">
      <class name="TestRunner.Runner">
        <test-method status="PASS" signature="setUpClass()[pri:0, instance:TestRunner.Runner@75f32542]" name="setUpClass" is-config="true" duration-ms="221" started-at="2020-03-15T10:53:15Z" finished-at="2020-03-15T10:53:15Z">
          <reporter-output>
          </reporter-output>
        </test-method> <!-- setUpClass -->
        <test-method status="FAIL" signature="feature(cucumber.api.testng.PickleEventWrapper, cucumber.api.testng.CucumberFeatureWrapper)[pri:0, instance:TestRunner.Runner@75f32542]" name="feature" duration-ms="20623" started-at="2020-03-15T10:53:15Z" data-provider="features" finished-at="2020-03-15T10:53:36Z">
          <params>
            <param index="0">
              <value>
                <![CDATA["Verify the youtube title"]]>
              </value>
            </param>
            <param index="1">
              <value>
                <![CDATA["Youtube Test"]]>
              </value>
            </param>
          </params>
          <exception class="java.lang.AssertionError">
            <message>
              <![CDATA[expected [Youtube] but found [YouTube]]]>
            </message>
            <full-stacktrace>
              <![CDATA[java.lang.AssertionError: expected [Youtube] but found [YouTube]
at org.testng.Assert.fail(Assert.java:96)
at org.testng.Assert.failNotEquals(Assert.java:776)
at org.testng.Assert.assertEqualsImpl(Assert.java:137)
at org.testng.Assert.assertEquals(Assert.java:118)
at org.testng.Assert.assertEquals(Assert.java:453)
at org.testng.Assert.assertEquals(Assert.java:463)
at StepDefinition.CommonSteps.open_Youtube_and_verify_the_title(CommonSteps.java:24)
at âœ½.Open Youtube and verify the title(src/main/java/Feature/Login.feature:7)
]]>
            </full-stacktrace>
          </exception> <!-- java.lang.AssertionError -->
          <reporter-output>
          </reporter-output>
        </test-method> <!-- feature -->
        <test-method status="PASS" signature="appendFinalHTMLReport(org.testng.ITestResult)[pri:0, instance:TestRunner.Runner@75f32542]" name="appendFinalHTMLReport" is-config="true" duration-ms="2" started-at="2020-03-15T10:53:36Z" finished-at="2020-03-15T10:53:36Z">
          <params>
            <param index="0">
              <value>
                <![CDATA[[TestResult name=feature status=FAILURE method=Runner.feature(cucumber.api.testng.PickleEventWrapper, cucumber.api.testng.CucumberFeatureWrapper)[pri:0, instance:TestRunner.Runner@75f32542] output={null}]]]>
              </value>
            </param>
          </params>
          <reporter-output>
          </reporter-output>
        </test-method> <!-- appendFinalHTMLReport -->
        <test-method status="PASS" signature="tearDownClass()[pri:0, instance:TestRunner.Runner@75f32542]" name="tearDownClass" is-config="true" duration-ms="52" started-at="2020-03-15T10:53:36Z" finished-at="2020-03-15T10:53:36Z">
          <reporter-output>
          </reporter-output>
        </test-method> <!-- tearDownClass -->
      </class> <!-- TestRunner.Runner -->
    </test> <!-- ExtentTest -->
  </suite> <!-- Suite -->
</testng-results>
